[2022-06-20T04:28:29.343Z] „É¶„Éº„Ç∂„Éº[8mha:////4LAsCf+yNaGualwe+w+h0oXLipvOzCAlF/qSxVFw7pM+AAAAoB+LCAAAAAAAAP9b85aBtbiIQTGjNKU4P08vOT+vOD8nVc83PyU1x6OyILUoJzMv2y+/JJUBAhiZGBgqihhk0NSjKDWzXb3RdlLBUSYGJk8GtpzUvPSSDB8G5tKinBIGIZ+sxLJE/ZzEvHT94JKizLx0a6BxUmjGOUNodHsLgAzWEgYR/dLi1CL93MSS4tLc/JL8+KLM7EQAEAZ4XckAAAA=[0mÊùæÊú¨ „Çä„Åã„ÅåÂÆüË°å
[2022-06-20T04:28:30.462Z] Obtained pipeline_script/DevBuild/android/release_build.groovy from git https://git-1.cocone.jp/projectp3/p3-tools
[2022-06-20T04:28:30.462Z] Resume disabled by user, switching to high-performance, low-durability mode.
[2022-06-20T04:28:31.392Z] org.codehaus.groovy.control.MultipleCompilationErrorsException: startup failed:
[2022-06-20T04:28:31.392Z] WorkflowScript: 111: Expected a step @ line 111, column 17.
[2022-06-20T04:28:31.392Z]                    currentBuild.description = "„Éñ„É©„É≥„ÉÅÔºö${BRANCH_NAME}\nGITLOGÔºö${GIT_LOG}"
[2022-06-20T04:28:31.392Z]                    ^
[2022-06-20T04:28:31.392Z] 
[2022-06-20T04:28:31.392Z] WorkflowScript: 283: Expected a step @ line 283, column 13.
[2022-06-20T04:28:31.392Z]                def preFixReleaseNote = ":kirby::tada:*„Éì„É´„ÉâÊàêÂäü [Job:$JOB_NAME/BuildNo:$BUILD_ID]*:tada::kirby:\n${env.BUILD_URL}"
[2022-06-20T04:28:31.392Z]                ^
[2022-06-20T04:28:31.392Z] 
[2022-06-20T04:28:31.392Z] WorkflowScript: 284: Expected a step @ line 284, column 13.
[2022-06-20T04:28:31.392Z]                def releaseNote = "${preFixReleaseNote}\n--\n${params.RELEASENOTE}\n--\n${GIT_LOG}"
[2022-06-20T04:28:31.392Z]                ^
[2022-06-20T04:28:31.392Z] 
[2022-06-20T04:28:31.392Z] WorkflowScript: 286: Expected a step @ line 286, column 13.
[2022-06-20T04:28:31.392Z]                def downloadURL = appcenterUtility.getDownloadURL(env.APPCENTER_OWNER, APP_NAME, RELEASE_ID)
[2022-06-20T04:28:31.392Z]                ^
[2022-06-20T04:28:31.392Z] 
[2022-06-20T04:28:31.392Z] WorkflowScript: 288: Method calls on objects not allowed outside "script" blocks. @ line 288, column 13.
[2022-06-20T04:28:31.392Z]                slackNotify.SetAppCenterInfomation(RELEASE_ID, downloadURL, VERSION)
[2022-06-20T04:28:31.392Z]                ^
[2022-06-20T04:28:31.392Z] 
[2022-06-20T04:28:31.392Z] WorkflowScript: 289: Method calls on objects not allowed outside "script" blocks. @ line 289, column 13.
[2022-06-20T04:28:31.392Z]                slackNotify.SetGitInfomation(BRANCH_NAME, GIT_HASH)
[2022-06-20T04:28:31.392Z]                ^
[2022-06-20T04:28:31.392Z] 
[2022-06-20T04:28:31.392Z] WorkflowScript: 290: Method calls on objects not allowed outside "script" blocks. @ line 290, column 13.
[2022-06-20T04:28:31.392Z]                slackNotify.SetReleaseNotes(releaseNote)
[2022-06-20T04:28:31.392Z]                ^
[2022-06-20T04:28:31.392Z] 
[2022-06-20T04:28:31.392Z] WorkflowScript: 291: Method calls on objects not allowed outside "script" blocks. @ line 291, column 13.
[2022-06-20T04:28:31.392Z]                slackNotify.SetBuildTime(currentBuild.durationString)
[2022-06-20T04:28:31.392Z]                ^
[2022-06-20T04:28:31.392Z] 
[2022-06-20T04:28:31.392Z] WorkflowScript: 292: Method calls on objects not allowed outside "script" blocks. @ line 292, column 13.
[2022-06-20T04:28:31.392Z]                slackUtility.notifySlackSendMessage(slackNotify)
[2022-06-20T04:28:31.392Z]                ^
[2022-06-20T04:28:31.392Z] 
[2022-06-20T04:28:31.392Z] WorkflowScript: 282: Invalid condition "script" - valid conditions are [always, changed, fixed, regression, aborted, success, unsuccessful, unstable, failure, notBuilt, cleanup] @ line 282, column 9.
[2022-06-20T04:28:31.392Z]            script {
[2022-06-20T04:28:31.392Z]            ^
[2022-06-20T04:28:31.392Z] 
[2022-06-20T04:28:31.392Z] 10 errors
[2022-06-20T04:28:31.392Z] 
[2022-06-20T04:28:31.392Z] 	at org.codehaus.groovy.control.ErrorCollector.failIfErrors(ErrorCollector.java:310)
[2022-06-20T04:28:31.392Z] 	at org.codehaus.groovy.control.CompilationUnit.applyToPrimaryClassNodes(CompilationUnit.java:1085)
[2022-06-20T04:28:31.392Z] 	at org.codehaus.groovy.control.CompilationUnit.doPhaseOperation(CompilationUnit.java:603)
[2022-06-20T04:28:31.392Z] 	at org.codehaus.groovy.control.CompilationUnit.processPhaseOperations(CompilationUnit.java:581)
[2022-06-20T04:28:31.392Z] 	at org.codehaus.groovy.control.CompilationUnit.compile(CompilationUnit.java:558)
[2022-06-20T04:28:31.392Z] 	at groovy.lang.GroovyClassLoader.doParseClass(GroovyClassLoader.java:298)
[2022-06-20T04:28:31.392Z] 	at groovy.lang.GroovyClassLoader.parseClass(GroovyClassLoader.java:268)
[2022-06-20T04:28:31.392Z] 	at groovy.lang.GroovyShell.parseClass(GroovyShell.java:688)
[2022-06-20T04:28:31.392Z] 	at groovy.lang.GroovyShell.parse(GroovyShell.java:700)
[2022-06-20T04:28:31.392Z] 	at org.jenkinsci.plugins.workflow.cps.CpsGroovyShell.doParse(CpsGroovyShell.java:142)
[2022-06-20T04:28:31.392Z] 	at org.jenkinsci.plugins.workflow.cps.CpsGroovyShell.reparse(CpsGroovyShell.java:127)
[2022-06-20T04:28:31.392Z] 	at org.jenkinsci.plugins.workflow.cps.CpsFlowExecution.parseScript(CpsFlowExecution.java:571)
[2022-06-20T04:28:31.392Z] 	at org.jenkinsci.plugins.workflow.cps.CpsFlowExecution.start(CpsFlowExecution.java:523)
[2022-06-20T04:28:31.392Z] 	at org.jenkinsci.plugins.workflow.job.WorkflowRun.run(WorkflowRun.java:334)
[2022-06-20T04:28:31.392Z] 	at hudson.model.ResourceController.execute(ResourceController.java:99)
[2022-06-20T04:28:31.392Z] 	at hudson.model.Executor.run(Executor.java:432)
[2022-06-20T04:28:31.458Z] Finished: FAILURE
