[2022-06-18T05:35:47.024Z] „É¶„Éº„Ç∂„Éº[8mha:////4LAsCf+yNaGualwe+w+h0oXLipvOzCAlF/qSxVFw7pM+AAAAoB+LCAAAAAAAAP9b85aBtbiIQTGjNKU4P08vOT+vOD8nVc83PyU1x6OyILUoJzMv2y+/JJUBAhiZGBgqihhk0NSjKDWzXb3RdlLBUSYGJk8GtpzUvPSSDB8G5tKinBIGIZ+sxLJE/ZzEvHT94JKizLx0a6BxUmjGOUNodHsLgAzWEgYR/dLi1CL93MSS4tLc/JL8+KLM7EQAEAZ4XckAAAA=[0mÊùæÊú¨ „Çä„Åã„ÅåÂÆüË°å
[2022-06-18T05:35:47.024Z] Rebuilds build #[8mha:////4BtEdH+DPtBKH+V3u3VnIro3SZ8TnhCjwUN54WLmj4lPAAAA8x+LCAAAAAAAAP9b85aBtbiIQTGjNKU4P08vOT+vOD8nVc83PyU1x6OyILUoJzMv2y+/JJUBAhiZGBgqihhk0NSjKDWzXb3RdlLBUSYGJk8GtpzUvPSSDB8G5tKinBIGIZ+sxLJE/ZzEvHT94JKizLx0a6BxUmjGOUNodHsLQIwShpn6ZZmp5foG5qpGBqquxqoWQGQGZhipOlnCRCxUXc1VLU1UHYEMN1UnZ7CIiaqTi6qTG1SxBYRhqOroCGVYmMBEzGEMF1VXI1VLS7AaiDmW+ln5SfrpqSXx6Zkl8ck5+Xmp8SWpxSX6RgBzoo30TgEAAA==[0m2
[2022-06-18T05:35:48.245Z] Obtained pipeline_script/TestScripts/get_git_clone.groovy from git https://git-1.cocone.jp/projectp3/p3-tools
[2022-06-18T05:35:48.410Z] org.codehaus.groovy.control.MultipleCompilationErrorsException: startup failed:
[2022-06-18T05:35:48.410Z] WorkflowScript: 69: Expected a step @ line 69, column 13.
[2022-06-18T05:35:48.410Z]                currentBuild.description = currentBuild.durationString
[2022-06-18T05:35:48.410Z]                ^
[2022-06-18T05:35:48.410Z] 
[2022-06-18T05:35:48.410Z] 1 error
[2022-06-18T05:35:48.410Z] 
[2022-06-18T05:35:48.410Z] 	at org.codehaus.groovy.control.ErrorCollector.failIfErrors(ErrorCollector.java:310)
[2022-06-18T05:35:48.410Z] 	at org.codehaus.groovy.control.CompilationUnit.applyToPrimaryClassNodes(CompilationUnit.java:1085)
[2022-06-18T05:35:48.410Z] 	at org.codehaus.groovy.control.CompilationUnit.doPhaseOperation(CompilationUnit.java:603)
[2022-06-18T05:35:48.410Z] 	at org.codehaus.groovy.control.CompilationUnit.processPhaseOperations(CompilationUnit.java:581)
[2022-06-18T05:35:48.410Z] 	at org.codehaus.groovy.control.CompilationUnit.compile(CompilationUnit.java:558)
[2022-06-18T05:35:48.410Z] 	at groovy.lang.GroovyClassLoader.doParseClass(GroovyClassLoader.java:298)
[2022-06-18T05:35:48.410Z] 	at groovy.lang.GroovyClassLoader.parseClass(GroovyClassLoader.java:268)
[2022-06-18T05:35:48.410Z] 	at groovy.lang.GroovyShell.parseClass(GroovyShell.java:688)
[2022-06-18T05:35:48.410Z] 	at groovy.lang.GroovyShell.parse(GroovyShell.java:700)
[2022-06-18T05:35:48.410Z] 	at org.jenkinsci.plugins.workflow.cps.CpsGroovyShell.doParse(CpsGroovyShell.java:142)
[2022-06-18T05:35:48.410Z] 	at org.jenkinsci.plugins.workflow.cps.CpsGroovyShell.reparse(CpsGroovyShell.java:127)
[2022-06-18T05:35:48.410Z] 	at org.jenkinsci.plugins.workflow.cps.CpsFlowExecution.parseScript(CpsFlowExecution.java:571)
[2022-06-18T05:35:48.410Z] 	at org.jenkinsci.plugins.workflow.cps.CpsFlowExecution.start(CpsFlowExecution.java:523)
[2022-06-18T05:35:48.410Z] 	at org.jenkinsci.plugins.workflow.job.WorkflowRun.run(WorkflowRun.java:334)
[2022-06-18T05:35:48.410Z] 	at hudson.model.ResourceController.execute(ResourceController.java:99)
[2022-06-18T05:35:48.410Z] 	at hudson.model.Executor.run(Executor.java:432)
[2022-06-18T05:35:48.473Z] Finished: FAILURE
