[2022-06-18T05:33:35.216Z] „É¶„Éº„Ç∂„Éº[8mha:////4LAsCf+yNaGualwe+w+h0oXLipvOzCAlF/qSxVFw7pM+AAAAoB+LCAAAAAAAAP9b85aBtbiIQTGjNKU4P08vOT+vOD8nVc83PyU1x6OyILUoJzMv2y+/JJUBAhiZGBgqihhk0NSjKDWzXb3RdlLBUSYGJk8GtpzUvPSSDB8G5tKinBIGIZ+sxLJE/ZzEvHT94JKizLx0a6BxUmjGOUNodHsLgAzWEgYR/dLi1CL93MSS4tLc/JL8+KLM7EQAEAZ4XckAAAA=[0mÊùæÊú¨ „Çä„Åã„ÅåÂÆüË°å
[2022-06-18T05:33:36.227Z] Obtained pipeline_script/TestScripts/get_git_clone.groovy from git https://git-1.cocone.jp/projectp3/p3-tools
[2022-06-18T05:33:36.259Z] org.codehaus.groovy.control.MultipleCompilationErrorsException: startup failed:
[2022-06-18T05:33:36.259Z] WorkflowScript: 73: unexpected char: 0xFFFF @ line 73, column 1.
[2022-06-18T05:33:36.259Z] 1 error
[2022-06-18T05:33:36.259Z] 
[2022-06-18T05:33:36.259Z] 	at org.codehaus.groovy.control.ErrorCollector.failIfErrors(ErrorCollector.java:310)
[2022-06-18T05:33:36.259Z] 	at org.codehaus.groovy.control.ErrorCollector.addFatalError(ErrorCollector.java:150)
[2022-06-18T05:33:36.259Z] 	at org.codehaus.groovy.control.ErrorCollector.addError(ErrorCollector.java:120)
[2022-06-18T05:33:36.259Z] 	at org.codehaus.groovy.control.ErrorCollector.addError(ErrorCollector.java:132)
[2022-06-18T05:33:36.259Z] 	at org.codehaus.groovy.control.SourceUnit.addError(SourceUnit.java:350)
[2022-06-18T05:33:36.259Z] 	at org.codehaus.groovy.antlr.AntlrParserPlugin.transformCSTIntoAST(AntlrParserPlugin.java:139)
[2022-06-18T05:33:36.259Z] 	at org.codehaus.groovy.antlr.AntlrParserPlugin.parseCST(AntlrParserPlugin.java:110)
[2022-06-18T05:33:36.259Z] 	at org.codehaus.groovy.control.SourceUnit.parse(SourceUnit.java:234)
[2022-06-18T05:33:36.259Z] 	at org.codehaus.groovy.control.CompilationUnit$1.call(CompilationUnit.java:168)
[2022-06-18T05:33:36.259Z] 	at org.codehaus.groovy.control.CompilationUnit.applyToSourceUnits(CompilationUnit.java:943)
[2022-06-18T05:33:36.259Z] 	at org.codehaus.groovy.control.CompilationUnit.doPhaseOperation(CompilationUnit.java:605)
[2022-06-18T05:33:36.259Z] 	at org.codehaus.groovy.control.CompilationUnit.processPhaseOperations(CompilationUnit.java:581)
[2022-06-18T05:33:36.259Z] 	at org.codehaus.groovy.control.CompilationUnit.compile(CompilationUnit.java:558)
[2022-06-18T05:33:36.259Z] 	at groovy.lang.GroovyClassLoader.doParseClass(GroovyClassLoader.java:298)
[2022-06-18T05:33:36.259Z] 	at groovy.lang.GroovyClassLoader.parseClass(GroovyClassLoader.java:268)
[2022-06-18T05:33:36.259Z] 	at groovy.lang.GroovyShell.parseClass(GroovyShell.java:688)
[2022-06-18T05:33:36.259Z] 	at groovy.lang.GroovyShell.parse(GroovyShell.java:700)
[2022-06-18T05:33:36.259Z] 	at org.jenkinsci.plugins.workflow.cps.CpsGroovyShell.doParse(CpsGroovyShell.java:142)
[2022-06-18T05:33:36.259Z] 	at org.jenkinsci.plugins.workflow.cps.CpsGroovyShell.reparse(CpsGroovyShell.java:127)
[2022-06-18T05:33:36.259Z] 	at org.jenkinsci.plugins.workflow.cps.CpsFlowExecution.parseScript(CpsFlowExecution.java:571)
[2022-06-18T05:33:36.259Z] 	at org.jenkinsci.plugins.workflow.cps.CpsFlowExecution.start(CpsFlowExecution.java:523)
[2022-06-18T05:33:36.259Z] 	at org.jenkinsci.plugins.workflow.job.WorkflowRun.run(WorkflowRun.java:334)
[2022-06-18T05:33:36.259Z] 	at hudson.model.ResourceController.execute(ResourceController.java:99)
[2022-06-18T05:33:36.259Z] 	at hudson.model.Executor.run(Executor.java:432)
[2022-06-18T05:33:36.336Z] Finished: FAILURE
